<?xml version="1.0" encoding="UTF-8"?>
<testsuite xmlns:xsi="http://www.w3.org/2001/XMLSchema-instance" xsi:noNamespaceSchemaLocation="https://maven.apache.org/surefire/maven-surefire-plugin/xsd/surefire-test-report-3.0.xsd" version="3.0" name="org.example.PersonTest" time="0.149" tests="7" errors="0" skipped="0" failures="0">
  <properties>
[...]
</properties>
  <testcase name="ifAgeMinusZero" classname="org.example.PersonTest" time="0.073"/>
  <testcase name="emptyList" classname="org.example.PersonTest" time="0.007"/>
  <testcase name="averageOfList" classname="org.example.PersonTest" time="0.001"/>
  <testcase name="ifNullName" classname="org.example.PersonTest" time="0.008"/>
  <testcase name="allValidValue" classname="org.example.PersonTest" time="0.003"/>
  <testcase name="ifNullGender" classname="org.example.PersonTest" time="0.003"/>
  <testcase name="ifErrorValueOfGender" classname="org.example.PersonTest" time="0.004"/>
</testsuite>